<?xml version="1.0" encoding="UTF-8"?>
<!-- Generated by org.testng.reporters.JUnitReportReporter -->
<testsuite hostname="30173-448434" failures="0" tests="1" name="GoogleTest" time="4.367" errors="0" timestamp="2022-11-15T23:30:28 IST" skipped="0">
  <testcase classname="GoogleTest" name="Homepage" time="4.367"/>
  <system-out/>
</testsuite> <!-- GoogleTest -->
